#
# There is insufficient memory for the Java Runtime Environment to continue.
# Native memory allocation (malloc) failed to allocate 1536176 bytes. Error detail: Chunk::new
# Possible reasons:
#   The system is out of physical RAM or swap space
#   This process is running with CompressedOops enabled, and the Java Heap may be blocking the growth of the native heap
# Possible solutions:
#   Reduce memory load on the system
#   Increase physical memory or swap space
#   Check if swap backing store is full
#   Decrease Java heap size (-Xmx/-Xms)
#   Decrease number of Java threads
#   Decrease Java thread stack sizes (-Xss)
#   Set larger code cache with -XX:ReservedCodeCacheSize=
#   JVM is running with Zero Based Compressed Oops mode in which the Java heap is
#     placed in the first 32GB address space. The Java Heap base address is the
#     maximum limit for the native heap growth. Please use -XX:HeapBaseMinAddress
#     to set the Java Heap base and to place the Java Heap above 32GB virtual address.
# This output file may be truncated or incomplete.
#
#  Out of Memory Error (arena.cpp:168), pid=24804, tid=28540
#
# JRE version: OpenJDK Runtime Environment Microsoft-11933218 (21.0.8+9) (build 21.0.8+9-LTS)
# Java VM: OpenJDK 64-Bit Server VM Microsoft-11933218 (21.0.8+9-LTS, mixed mode, sharing, tiered, compressed oops, compressed class ptrs, g1 gc, windows-amd64)
# No core dump will be written. Minidumps are not enabled by default on client versions of Windows
#

---------------  S U M M A R Y ------------

Command Line: --add-opens=java.base/java.util=ALL-UNNAMED --add-opens=java.base/java.lang=ALL-UNNAMED --add-opens=java.base/java.lang.invoke=ALL-UNNAMED --add-opens=java.prefs/java.util.prefs=ALL-UNNAMED --add-opens=java.base/java.nio.charset=ALL-UNNAMED --add-opens=java.base/java.net=ALL-UNNAMED --add-opens=java.base/java.util.concurrent.atomic=ALL-UNNAMED -Xmx3G -Dfile.encoding=GBK -Duser.country=CN -Duser.language=zh -Duser.variant -javaagent:D:\.gradle\wrapper\dists\gradle-8.8-bin\dl7vupf4psengwqhwktix4v1\gradle-8.8\lib\agents\gradle-instrumentation-agent-8.8.jar org.gradle.launcher.daemon.bootstrap.GradleDaemon 8.8

Host: Intel(R) Core(TM) i5-10400F CPU @ 2.90GHz, 12 cores, 15G,  Windows 10 , 64 bit Build 19041 (10.0.19041.5915)
Time: Wed Feb 18 23:33:36 2026 elapsed time: 14.335341 seconds (0d 0h 0m 14s)

---------------  T H R E A D  ---------------

Current thread (0x000001c0df483120):  JavaThread "C2 CompilerThread0" daemon [_thread_in_native, id=28540, stack(0x00000066e3c00000,0x00000066e3d00000) (1024K)]


Current CompileTask:
C2:14335 9051 %     4       org.gradle.internal.instantiation.generator.AbstractClassGenerator::inspectType @ 77 (560 bytes)

Stack: [0x00000066e3c00000,0x00000066e3d00000]
Native frames: (J=compiled Java code, j=interpreted, Vv=VM code, C=native code)
V  [jvm.dll+0x6e1729]
V  [jvm.dll+0x8bf47b]
V  [jvm.dll+0x8c19aa]
V  [jvm.dll+0x8c2083]
V  [jvm.dll+0x289fd6]
V  [jvm.dll+0xc903d]
V  [jvm.dll+0xc958c]
V  [jvm.dll+0x3c76e2]
V  [jvm.dll+0x393f22]
V  [jvm.dll+0x39337a]
V  [jvm.dll+0x251c60]
V  [jvm.dll+0x251283]
V  [jvm.dll+0x1d18bf]
V  [jvm.dll+0x260f4a]
V  [jvm.dll+0x25f2b5]
V  [jvm.dll+0x40151d]
V  [jvm.dll+0x86975d]
V  [jvm.dll+0x6dff2d]
C  [ucrtbase.dll+0x21bb2]
C  [KERNEL32.DLL+0x17374]
C  [ntdll.dll+0x4cc91]


---------------  P R O C E S S  ---------------

Threads class SMR info:
_java_thread_list=0x000001c1258f7fc0, length=103, elements={
0x000001c0beaae710, 0x000001c0df478630, 0x000001c0df479540, 0x000001c0df4804b0,
0x000001c0df480f00, 0x000001c0df481950, 0x000001c0df4823a0, 0x000001c0df483120,
0x000001c0df49b890, 0x000001c0df55ef90, 0x000001c0df698210, 0x000001c1267dc0b0,
0x000001c1257276a0, 0x000001c125fab790, 0x000001c1269ff300, 0x000001c126932060,
0x000001c126602360, 0x000001c1266177f0, 0x000001c126846270, 0x000001c126846900,
0x000001c1268496f0, 0x000001c1268489d0, 0x000001c126847cb0, 0x000001c126848340,
0x000001c126849060, 0x000001c126846f90, 0x000001c126847620, 0x000001c126cd62e0,
0x000001c126cd1ab0, 0x000001c126cd34f0, 0x000001c126cd7000, 0x000001c126cd27d0,
0x000001c126cd55c0, 0x000001c126cd1420, 0x000001c126cd5c50, 0x000001c126cd7690,
0x000001c126cd8a40, 0x000001c126cd7d20, 0x000001c126cd3b80, 0x000001c126cd83b0,
0x000001c126cd2140, 0x000001c126cd6970, 0x000001c126cd2e60, 0x000001c126cd4f30,
0x000001c127805390, 0x000001c127803950, 0x000001c1277ff7b0, 0x000001c127801f10,
0x000001c127804d00, 0x000001c127803fe0, 0x000001c1278025a0, 0x000001c127804670,
0x000001c127805a20, 0x000001c1278060b0, 0x000001c127802c30, 0x000001c127806740,
0x000001c127806dd0, 0x000001c1278032c0, 0x000001c1277ffe40, 0x000001c1278004d0,
0x000001c127800b60, 0x000001c1278011f0, 0x000001c127801880, 0x000001c125cbcbb0,
0x000001c125cbaae0, 0x000001c125cba450, 0x000001c125cbd240, 0x000001c125cbd8d0,
0x000001c125cb9730, 0x000001c125cb8380, 0x000001c125cbb800, 0x000001c125cbbe90,
0x000001c125cb8a10, 0x000001c125cbc520, 0x000001c125cbdf60, 0x000001c125cbe5f0,
0x000001c125cb9dc0, 0x000001c125cbf9a0, 0x000001c125cbec80, 0x000001c125cb90a0,
0x000001c125cbf310, 0x000001c128e06e70, 0x000001c128e067e0, 0x000001c128e07500,
0x000001c128e07b90, 0x000001c128e04710, 0x000001c128e05ac0, 0x000001c128e095d0,
0x000001c128e06150, 0x000001c128e09c60, 0x000001c128e04080, 0x000001c128e0a2f0,
0x000001c128e05430, 0x000001c128e08220, 0x000001c128e04da0, 0x000001c128e088b0,
0x000001c128e08f40, 0x000001c128e0a980, 0x000001c128e0b010, 0x000001c128e0b6a0,
0x000001c126c7bba0, 0x000001c126c7a7f0, 0x000001c126c79ad0
}

Java Threads: ( => current thread )
  0x000001c0beaae710 JavaThread "main"                              [_thread_blocked, id=3448, stack(0x00000066e2e00000,0x00000066e2f00000) (1024K)]
  0x000001c0df478630 JavaThread "Reference Handler"          daemon [_thread_blocked, id=17536, stack(0x00000066e3600000,0x00000066e3700000) (1024K)]
  0x000001c0df479540 JavaThread "Finalizer"                  daemon [_thread_blocked, id=7884, stack(0x00000066e3700000,0x00000066e3800000) (1024K)]
  0x000001c0df4804b0 JavaThread "Signal Dispatcher"          daemon [_thread_blocked, id=1356, stack(0x00000066e3800000,0x00000066e3900000) (1024K)]
  0x000001c0df480f00 JavaThread "Attach Listener"            daemon [_thread_blocked, id=20892, stack(0x00000066e3900000,0x00000066e3a00000) (1024K)]
  0x000001c0df481950 JavaThread "Service Thread"             daemon [_thread_blocked, id=1044, stack(0x00000066e3a00000,0x00000066e3b00000) (1024K)]
  0x000001c0df4823a0 JavaThread "Monitor Deflation Thread"   daemon [_thread_blocked, id=22620, stack(0x00000066e3b00000,0x00000066e3c00000) (1024K)]
=>0x000001c0df483120 JavaThread "C2 CompilerThread0"         daemon [_thread_in_native, id=28540, stack(0x00000066e3c00000,0x00000066e3d00000) (1024K)]
  0x000001c0df49b890 JavaThread "C1 CompilerThread0"         daemon [_thread_blocked, id=26472, stack(0x00000066e3d00000,0x00000066e3e00000) (1024K)]
  0x000001c0df55ef90 JavaThread "Common-Cleaner"             daemon [_thread_blocked, id=17068, stack(0x00000066e3e00000,0x00000066e3f00000) (1024K)]
  0x000001c0df698210 JavaThread "Notification Thread"        daemon [_thread_blocked, id=17248, stack(0x00000066e3f00000,0x00000066e4000000) (1024K)]
  0x000001c1267dc0b0 JavaThread "Daemon health stats"               [_thread_blocked, id=4764, stack(0x00000066e4600000,0x00000066e4700000) (1024K)]
  0x000001c1257276a0 JavaThread "Incoming local TCP Connector on port 14886"        [_thread_in_native, id=19332, stack(0x00000066e4700000,0x00000066e4800000) (1024K)]
  0x000001c125fab790 JavaThread "Daemon periodic checks"            [_thread_blocked, id=26420, stack(0x00000066e4800000,0x00000066e4900000) (1024K)]
  0x000001c1269ff300 JavaThread "Daemon"                            [_thread_blocked, id=12856, stack(0x00000066e4900000,0x00000066e4a00000) (1024K)]
  0x000001c126932060 JavaThread "Handler for socket connection from /127.0.0.1:14886 to /127.0.0.1:14887"        [_thread_in_native, id=10404, stack(0x00000066e4a00000,0x00000066e4b00000) (1024K)]
  0x000001c126602360 JavaThread "Cancel handler"                    [_thread_blocked, id=21388, stack(0x00000066e4b00000,0x00000066e4c00000) (1024K)]
  0x000001c1266177f0 JavaThread "Daemon worker"                     [_thread_in_native, id=29160, stack(0x00000066e4c00000,0x00000066e4d00000) (1024K)]
  0x000001c126846270 JavaThread "Asynchronous log dispatcher for DefaultDaemonConnection: socket connection from /127.0.0.1:14886 to /127.0.0.1:14887"        [_thread_blocked, id=23836, stack(0x00000066e4d00000,0x00000066e4e00000) (1024K)]
  0x000001c126846900 JavaThread "Stdin handler"                     [_thread_blocked, id=25820, stack(0x00000066e4e00000,0x00000066e4f00000) (1024K)]
  0x000001c1268496f0 JavaThread "Daemon client event forwarder"        [_thread_blocked, id=21456, stack(0x00000066e4f00000,0x00000066e5000000) (1024K)]
  0x000001c1268489d0 JavaThread "Cache worker for journal cache (D:\.gradle\caches\journal-1)"        [_thread_blocked, id=19380, stack(0x00000066e5000000,0x00000066e5100000) (1024K)]
  0x000001c126847cb0 JavaThread "File lock request listener"        [_thread_in_native, id=25408, stack(0x00000066e5100000,0x00000066e5200000) (1024K)]
  0x000001c126848340 JavaThread "Cache worker for file hash cache (D:\.gradle\caches\8.8\fileHashes)"        [_thread_blocked, id=29440, stack(0x00000066e5200000,0x00000066e5300000) (1024K)]
  0x000001c126849060 JavaThread "Cache worker for file hash cache (E:\涓嬭浇\EFN锛欵nhance\.gradle\8.8\fileHashes)"        [_thread_blocked, id=29400, stack(0x00000066e5900000,0x00000066e5a00000) (1024K)]
  0x000001c126846f90 JavaThread "File watcher server"        daemon [_thread_in_native, id=4540, stack(0x00000066e5a00000,0x00000066e5b00000) (1024K)]
  0x000001c126847620 JavaThread "File watcher consumer"      daemon [_thread_blocked, id=14492, stack(0x00000066e5b00000,0x00000066e5c00000) (1024K)]
  0x000001c126cd62e0 JavaThread "jar transforms"                    [_thread_blocked, id=25660, stack(0x00000066e5c00000,0x00000066e5d00000) (1024K)]
  0x000001c126cd1ab0 JavaThread "jar transforms Thread 2"           [_thread_blocked, id=22816, stack(0x00000066e5d00000,0x00000066e5e00000) (1024K)]
  0x000001c126cd34f0 JavaThread "jar transforms Thread 3"           [_thread_blocked, id=23328, stack(0x00000066e5e00000,0x00000066e5f00000) (1024K)]
  0x000001c126cd7000 JavaThread "jar transforms Thread 4"           [_thread_blocked, id=21812, stack(0x00000066e5f00000,0x00000066e6000000) (1024K)]
  0x000001c126cd27d0 JavaThread "jar transforms Thread 5"           [_thread_blocked, id=27420, stack(0x00000066e6000000,0x00000066e6100000) (1024K)]
  0x000001c126cd55c0 JavaThread "jar transforms Thread 6"           [_thread_blocked, id=19468, stack(0x00000066e6100000,0x00000066e6200000) (1024K)]
  0x000001c126cd1420 JavaThread "jar transforms Thread 7"           [_thread_blocked, id=10528, stack(0x00000066e6200000,0x00000066e6300000) (1024K)]
  0x000001c126cd5c50 JavaThread "jar transforms Thread 8"           [_thread_blocked, id=21596, stack(0x00000066e6300000,0x00000066e6400000) (1024K)]
  0x000001c126cd7690 JavaThread "jar transforms Thread 9"           [_thread_blocked, id=15696, stack(0x00000066e6400000,0x00000066e6500000) (1024K)]
  0x000001c126cd8a40 JavaThread "jar transforms Thread 10"          [_thread_blocked, id=21744, stack(0x00000066e6500000,0x00000066e6600000) (1024K)]
  0x000001c126cd7d20 JavaThread "jar transforms Thread 11"          [_thread_blocked, id=24268, stack(0x00000066e6600000,0x00000066e6700000) (1024K)]
  0x000001c126cd3b80 JavaThread "jar transforms Thread 12"          [_thread_blocked, id=28576, stack(0x00000066e6700000,0x00000066e6800000) (1024K)]
  0x000001c126cd83b0 JavaThread "Cache worker for checksums cache (E:\涓嬭浇\EFN锛欵nhance\.gradle\8.8\checksums)"        [_thread_blocked, id=12504, stack(0x00000066e6800000,0x00000066e6900000) (1024K)]
  0x000001c126cd2140 JavaThread "Cache worker for file content cache (D:\.gradle\caches\8.8\fileContent)"        [_thread_blocked, id=17224, stack(0x00000066e6900000,0x00000066e6a00000) (1024K)]
  0x000001c126cd6970 JavaThread "Cache worker for cache directory md-rule (D:\.gradle\caches\8.8\md-rule)"        [_thread_blocked, id=20780, stack(0x00000066e6a00000,0x00000066e6b00000) (1024K)]
  0x000001c126cd2e60 JavaThread "Cache worker for cache directory md-supplier (D:\.gradle\caches\8.8\md-supplier)"        [_thread_blocked, id=27184, stack(0x00000066e6b00000,0x00000066e6c00000) (1024K)]
  0x000001c126cd4f30 JavaThread "Unconstrained build operations"        [_thread_blocked, id=25816, stack(0x00000066e4000000,0x00000066e4100000) (1024K)]
  0x000001c127805390 JavaThread "Unconstrained build operations Thread 2"        [_thread_blocked, id=16848, stack(0x00000066e6c00000,0x00000066e6d00000) (1024K)]
  0x000001c127803950 JavaThread "Unconstrained build operations Thread 3"        [_thread_blocked, id=26264, stack(0x00000066e6d00000,0x00000066e6e00000) (1024K)]
  0x000001c1277ff7b0 JavaThread "Unconstrained build operations Thread 4"        [_thread_blocked, id=29408, stack(0x00000066e6e00000,0x00000066e6f00000) (1024K)]
  0x000001c127801f10 JavaThread "Unconstrained build operations Thread 5"        [_thread_blocked, id=4600, stack(0x00000066e6f00000,0x00000066e7000000) (1024K)]
  0x000001c127804d00 JavaThread "Unconstrained build operations Thread 6"        [_thread_blocked, id=29396, stack(0x00000066e7000000,0x00000066e7100000) (1024K)]
  0x000001c127803fe0 JavaThread "Unconstrained build operations Thread 7"        [_thread_blocked, id=6344, stack(0x00000066e7100000,0x00000066e7200000) (1024K)]
  0x000001c1278025a0 JavaThread "Unconstrained build operations Thread 8"        [_thread_blocked, id=22896, stack(0x00000066e7200000,0x00000066e7300000) (1024K)]
  0x000001c127804670 JavaThread "Unconstrained build operations Thread 9"        [_thread_blocked, id=24628, stack(0x00000066e7300000,0x00000066e7400000) (1024K)]
  0x000001c127805a20 JavaThread "Unconstrained build operations Thread 10"        [_thread_blocked, id=12156, stack(0x00000066e7400000,0x00000066e7500000) (1024K)]
  0x000001c1278060b0 JavaThread "Unconstrained build operations Thread 11"        [_thread_blocked, id=23316, stack(0x00000066e7500000,0x00000066e7600000) (1024K)]
  0x000001c127802c30 JavaThread "Unconstrained build operations Thread 12"        [_thread_blocked, id=11680, stack(0x00000066e7600000,0x00000066e7700000) (1024K)]
  0x000001c127806740 JavaThread "Unconstrained build operations Thread 13"        [_thread_blocked, id=19568, stack(0x00000066e7700000,0x00000066e7800000) (1024K)]
  0x000001c127806dd0 JavaThread "Unconstrained build operations Thread 14"        [_thread_blocked, id=27664, stack(0x00000066e7800000,0x00000066e7900000) (1024K)]
  0x000001c1278032c0 JavaThread "Unconstrained build operations Thread 15"        [_thread_blocked, id=9332, stack(0x00000066e7900000,0x00000066e7a00000) (1024K)]
  0x000001c1277ffe40 JavaThread "Unconstrained build operations Thread 16"        [_thread_blocked, id=26564, stack(0x00000066e7a00000,0x00000066e7b00000) (1024K)]
  0x000001c1278004d0 JavaThread "Unconstrained build operations Thread 17"        [_thread_blocked, id=25788, stack(0x00000066e7b00000,0x00000066e7c00000) (1024K)]
  0x000001c127800b60 JavaThread "Unconstrained build operations Thread 18"        [_thread_blocked, id=26088, stack(0x00000066e7c00000,0x00000066e7d00000) (1024K)]
  0x000001c1278011f0 JavaThread "Unconstrained build operations Thread 19"        [_thread_blocked, id=17048, stack(0x00000066e7d00000,0x00000066e7e00000) (1024K)]
  0x000001c127801880 JavaThread "Unconstrained build operations Thread 20"        [_thread_blocked, id=5100, stack(0x00000066e7e00000,0x00000066e7f00000) (1024K)]
  0x000001c125cbcbb0 JavaThread "Unconstrained build operations Thread 21"        [_thread_blocked, id=19420, stack(0x00000066e7f00000,0x00000066e8000000) (1024K)]
  0x000001c125cbaae0 JavaThread "Unconstrained build operations Thread 22"        [_thread_blocked, id=10804, stack(0x00000066e8000000,0x00000066e8100000) (1024K)]
  0x000001c125cba450 JavaThread "Unconstrained build operations Thread 23"        [_thread_blocked, id=15636, stack(0x00000066e8100000,0x00000066e8200000) (1024K)]
  0x000001c125cbd240 JavaThread "Unconstrained build operations Thread 24"        [_thread_blocked, id=28564, stack(0x00000066e8200000,0x00000066e8300000) (1024K)]
  0x000001c125cbd8d0 JavaThread "Cache worker for Build Output Cleanup Cache (E:\涓嬭浇\EFN锛欵nhance\.gradle\buildOutputCleanup)"        [_thread_blocked, id=13264, stack(0x00000066e8300000,0x00000066e8400000) (1024K)]
  0x000001c125cb9730 JavaThread "Unconstrained build operations Thread 25"        [_thread_blocked, id=15716, stack(0x00000066e8400000,0x00000066e8500000) (1024K)]
  0x000001c125cb8380 JavaThread "Unconstrained build operations Thread 26"        [_thread_blocked, id=26928, stack(0x00000066e8500000,0x00000066e8600000) (1024K)]
  0x000001c125cbb800 JavaThread "Unconstrained build operations Thread 27"        [_thread_blocked, id=28068, stack(0x00000066e8600000,0x00000066e8700000) (1024K)]
  0x000001c125cbbe90 JavaThread "Unconstrained build operations Thread 28"        [_thread_blocked, id=21884, stack(0x00000066e8700000,0x00000066e8800000) (1024K)]
  0x000001c125cb8a10 JavaThread "Unconstrained build operations Thread 29"        [_thread_blocked, id=23004, stack(0x00000066e8800000,0x00000066e8900000) (1024K)]
  0x000001c125cbc520 JavaThread "Unconstrained build operations Thread 30"        [_thread_blocked, id=23356, stack(0x00000066e8900000,0x00000066e8a00000) (1024K)]
  0x000001c125cbdf60 JavaThread "Unconstrained build operations Thread 31"        [_thread_blocked, id=9964, stack(0x00000066e8a00000,0x00000066e8b00000) (1024K)]
  0x000001c125cbe5f0 JavaThread "Unconstrained build operations Thread 32"        [_thread_blocked, id=18708, stack(0x00000066e8b00000,0x00000066e8c00000) (1024K)]
  0x000001c125cb9dc0 JavaThread "Unconstrained build operations Thread 33"        [_thread_blocked, id=24140, stack(0x00000066e8c00000,0x00000066e8d00000) (1024K)]
  0x000001c125cbf9a0 JavaThread "Unconstrained build operations Thread 34"        [_thread_blocked, id=17968, stack(0x00000066e8d00000,0x00000066e8e00000) (1024K)]
  0x000001c125cbec80 JavaThread "Unconstrained build operations Thread 35"        [_thread_blocked, id=18936, stack(0x00000066e8e00000,0x00000066e8f00000) (1024K)]
  0x000001c125cb90a0 JavaThread "Unconstrained build operations Thread 36"        [_thread_blocked, id=22400, stack(0x00000066e8f00000,0x00000066e9000000) (1024K)]
  0x000001c125cbf310 JavaThread "Unconstrained build operations Thread 37"        [_thread_blocked, id=1368, stack(0x00000066e9000000,0x00000066e9100000) (1024K)]
  0x000001c128e06e70 JavaThread "Unconstrained build operations Thread 38"        [_thread_blocked, id=28400, stack(0x00000066e9100000,0x00000066e9200000) (1024K)]
  0x000001c128e067e0 JavaThread "Unconstrained build operations Thread 39"        [_thread_blocked, id=19924, stack(0x00000066e9200000,0x00000066e9300000) (1024K)]
  0x000001c128e07500 JavaThread "Unconstrained build operations Thread 40"        [_thread_blocked, id=7604, stack(0x00000066e9300000,0x00000066e9400000) (1024K)]
  0x000001c128e07b90 JavaThread "Unconstrained build operations Thread 41"        [_thread_blocked, id=28172, stack(0x00000066e9400000,0x00000066e9500000) (1024K)]
  0x000001c128e04710 JavaThread "Unconstrained build operations Thread 42"        [_thread_blocked, id=20708, stack(0x00000066e9500000,0x00000066e9600000) (1024K)]
  0x000001c128e05ac0 JavaThread "Unconstrained build operations Thread 43"        [_thread_blocked, id=17972, stack(0x00000066e9600000,0x00000066e9700000) (1024K)]
  0x000001c128e095d0 JavaThread "Unconstrained build operations Thread 44"        [_thread_blocked, id=27508, stack(0x00000066e9700000,0x00000066e9800000) (1024K)]
  0x000001c128e06150 JavaThread "Unconstrained build operations Thread 45"        [_thread_blocked, id=22804, stack(0x00000066e9800000,0x00000066e9900000) (1024K)]
  0x000001c128e09c60 JavaThread "Unconstrained build operations Thread 46"        [_thread_blocked, id=25824, stack(0x00000066e9900000,0x00000066e9a00000) (1024K)]
  0x000001c128e04080 JavaThread "Unconstrained build operations Thread 47"        [_thread_blocked, id=12884, stack(0x00000066e9a00000,0x00000066e9b00000) (1024K)]
  0x000001c128e0a2f0 JavaThread "Unconstrained build operations Thread 48"        [_thread_blocked, id=27336, stack(0x00000066e9b00000,0x00000066e9c00000) (1024K)]
  0x000001c128e05430 JavaThread "Unconstrained build operations Thread 49"        [_thread_blocked, id=22180, stack(0x00000066e9c00000,0x00000066e9d00000) (1024K)]
  0x000001c128e08220 JavaThread "Unconstrained build operations Thread 50"        [_thread_blocked, id=10000, stack(0x00000066e9d00000,0x00000066e9e00000) (1024K)]
  0x000001c128e04da0 JavaThread "Unconstrained build operations Thread 51"        [_thread_blocked, id=9604, stack(0x00000066e9e00000,0x00000066e9f00000) (1024K)]
  0x000001c128e088b0 JavaThread "Unconstrained build operations Thread 52"        [_thread_blocked, id=3296, stack(0x00000066e9f00000,0x00000066ea000000) (1024K)]
  0x000001c128e08f40 JavaThread "Unconstrained build operations Thread 53"        [_thread_blocked, id=22340, stack(0x00000066ea000000,0x00000066ea100000) (1024K)]
  0x000001c128e0a980 JavaThread "Unconstrained build operations Thread 54"        [_thread_blocked, id=21268, stack(0x00000066ea100000,0x00000066ea200000) (1024K)]
  0x000001c128e0b010 JavaThread "Unconstrained build operations Thread 55"        [_thread_blocked, id=2636, stack(0x00000066ea200000,0x00000066ea300000) (1024K)]
  0x000001c128e0b6a0 JavaThread "Unconstrained build operations Thread 56"        [_thread_blocked, id=18388, stack(0x00000066ea300000,0x00000066ea400000) (1024K)]
  0x000001c126c7bba0 JavaThread "Unconstrained build operations Thread 57"        [_thread_blocked, id=16988, stack(0x00000066ea400000,0x00000066ea500000) (1024K)]
  0x000001c126c7a7f0 JavaThread "Keep-Alive-Timer"           daemon [_thread_blocked, id=18952, stack(0x00000066ea500000,0x00000066ea600000) (1024K)]
  0x000001c126c79ad0 JavaThread "Memory manager"                    [_thread_blocked, id=22824, stack(0x00000066ea600000,0x00000066ea700000) (1024K)]
Total: 103

Other Threads:
  0x000001c0df45cec0 VMThread "VM Thread"                           [id=9832, stack(0x00000066e3500000,0x00000066e3600000) (1024K)]
  0x000001c0df449130 WatcherThread "VM Periodic Task Thread"        [id=21200, stack(0x00000066e3400000,0x00000066e3500000) (1024K)]
  0x000001c0c0505440 WorkerThread "GC Thread#0"                     [id=19856, stack(0x00000066e2f00000,0x00000066e3000000) (1024K)]
  0x000001c1256778c0 WorkerThread "GC Thread#1"                     [id=28404, stack(0x00000066e4100000,0x00000066e4200000) (1024K)]
  0x000001c1251aea70 WorkerThread "GC Thread#2"                     [id=26484, stack(0x00000066e4200000,0x00000066e4300000) (1024K)]
  0x000001c1251aee10 WorkerThread "GC Thread#3"                     [id=17660, stack(0x00000066e4300000,0x00000066e4400000) (1024K)]
  0x000001c125962ff0 WorkerThread "GC Thread#4"                     [id=20932, stack(0x00000066e4400000,0x00000066e4500000) (1024K)]
  0x000001c125963390 WorkerThread "GC Thread#5"                     [id=26504, stack(0x00000066e4500000,0x00000066e4600000) (1024K)]
  0x000001c1269e0930 WorkerThread "GC Thread#6"                     [id=21328, stack(0x00000066e5300000,0x00000066e5400000) (1024K)]
  0x000001c1269e0cd0 WorkerThread "GC Thread#7"                     [id=1428, stack(0x00000066e5400000,0x00000066e5500000) (1024K)]
  0x000001c1269e1070 WorkerThread "GC Thread#8"                     [id=19340, stack(0x00000066e5500000,0x00000066e5600000) (1024K)]
  0x000001c1269e1410 WorkerThread "GC Thread#9"                     [id=5612, stack(0x00000066e5600000,0x00000066e5700000) (1024K)]
  0x000001c0c05124e0 ConcurrentGCThread "G1 Main Marker"            [id=20088, stack(0x00000066e3000000,0x00000066e3100000) (1024K)]
  0x000001c0c0513690 WorkerThread "G1 Conc#0"                       [id=27416, stack(0x00000066e3100000,0x00000066e3200000) (1024K)]
  0x000001c128bd0160 WorkerThread "G1 Conc#1"                       [id=12208, stack(0x00000066e5700000,0x00000066e5800000) (1024K)]
  0x000001c128bd0500 WorkerThread "G1 Conc#2"                       [id=28224, stack(0x00000066e5800000,0x00000066e5900000) (1024K)]
  0x000001c0df30b1d0 ConcurrentGCThread "G1 Refine#0"               [id=22796, stack(0x00000066e3200000,0x00000066e3300000) (1024K)]
  0x000001c0df30b9f0 ConcurrentGCThread "G1 Service"                [id=18672, stack(0x00000066e3300000,0x00000066e3400000) (1024K)]
Total: 18

Threads with active compile tasks:
C2 CompilerThread0  14390 9051 %     4       org.gradle.internal.instantiation.generator.AbstractClassGenerator::inspectType @ 77 (560 bytes)
Total: 1

VM state: not at safepoint (normal execution)

VM Mutex/Monitor currently owned by a thread: None

Heap address: 0x0000000740000000, size: 3072 MB, Compressed Oops mode: Zero based, Oop shift amount: 3

CDS archive(s) mapped at: [0x000001c0e0000000-0x000001c0e0c80000-0x000001c0e0c80000), size 13107200, SharedBaseAddress: 0x000001c0e0000000, ArchiveRelocationMode: 1.
Compressed class space mapped at: 0x000001c0e1000000-0x000001c121000000, reserved size: 1073741824
Narrow klass base: 0x000001c0e0000000, Narrow klass shift: 0, Narrow klass range: 0x100000000

GC Precious Log:
 CardTable entry size: 512
 Card Set container configuration: InlinePtr #cards 4 size 8 Array Of Cards #cards 16 size 48 Howl #buckets 8 coarsen threshold 3686 Howl Bitmap #cards 512 size 80 coarsen threshold 460 Card regions per heap region 1 cards per card region 4096
 CPUs: 12 total, 12 available
 Memory: 16293M
 Large Page Support: Disabled
 NUMA Support: Disabled
 Compressed Oops: Enabled (Zero based)
 Heap Region Size: 2M
 Heap Min Capacity: 8M
 Heap Initial Capacity: 256M
 Heap Max Capacity: 3G
 Pre-touch: Disabled
 Parallel Workers: 10
 Concurrent Workers: 3
 Concurrent Refinement Workers: 10
 Periodic GC: Disabled

Heap:
 garbage-first heap   total 172032K, used 121525K [0x0000000740000000, 0x0000000800000000)
  region size 2048K, 17 young (34816K), 5 survivors (10240K)
 Metaspace       used 70853K, committed 72896K, reserved 1114112K
  class space    used 10085K, committed 11072K, reserved 1048576K

Heap Regions: E=young(eden), S=young(survivor), O=old, HS=humongous(starts), HC=humongous(continues), CS=collection set, F=free, TAMS=top-at-mark-start, PB=parsable bottom
|   0|0x0000000740000000, 0x0000000740200000, 0x0000000740200000|100%|HS|  |TAMS 0x0000000740000000| PB 0x0000000740000000| Complete 
|   1|0x0000000740200000, 0x0000000740400000, 0x0000000740400000|100%|HC|  |TAMS 0x0000000740200000| PB 0x0000000740200000| Complete 
|   2|0x0000000740400000, 0x0000000740600000, 0x0000000740600000|100%| O|  |TAMS 0x0000000740400000| PB 0x0000000740400000| Untracked 
|   3|0x0000000740600000, 0x0000000740800000, 0x0000000740800000|100%| O|  |TAMS 0x0000000740600000| PB 0x0000000740600000| Untracked 
|   4|0x0000000740800000, 0x0000000740a00000, 0x0000000740a00000|100%| O|  |TAMS 0x0000000740800000| PB 0x0000000740800000| Untracked 
|   5|0x0000000740a00000, 0x0000000740c00000, 0x0000000740c00000|100%| O|  |TAMS 0x0000000740a00000| PB 0x0000000740a00000| Untracked 
|   6|0x0000000740c00000, 0x0000000740e00000, 0x0000000740e00000|100%|HS|  |TAMS 0x0000000740c00000| PB 0x0000000740c00000| Complete 
|   7|0x0000000740e00000, 0x0000000741000000, 0x0000000741000000|100%|HC|  |TAMS 0x0000000740e00000| PB 0x0000000740e00000| Complete 
|   8|0x0000000741000000, 0x0000000741200000, 0x0000000741200000|100%|HC|  |TAMS 0x0000000741000000| PB 0x0000000741000000| Complete 
|   9|0x0000000741200000, 0x0000000741400000, 0x0000000741400000|100%|HS|  |TAMS 0x0000000741200000| PB 0x0000000741200000| Complete 
|  10|0x0000000741400000, 0x0000000741600000, 0x0000000741600000|100%|HC|  |TAMS 0x0000000741400000| PB 0x0000000741400000| Complete 
|  11|0x0000000741600000, 0x0000000741800000, 0x0000000741800000|100%|HS|  |TAMS 0x0000000741600000| PB 0x0000000741600000| Complete 
|  12|0x0000000741800000, 0x0000000741a00000, 0x0000000741a00000|100%|HC|  |TAMS 0x0000000741800000| PB 0x0000000741800000| Complete 
|  13|0x0000000741a00000, 0x0000000741c00000, 0x0000000741c00000|100%| O|  |TAMS 0x0000000741a00000| PB 0x0000000741a00000| Untracked 
|  14|0x0000000741c00000, 0x0000000741e00000, 0x0000000741e00000|100%| O|  |TAMS 0x0000000741c00000| PB 0x0000000741c00000| Untracked 
|  15|0x0000000741e00000, 0x0000000742000000, 0x0000000742000000|100%| O|  |TAMS 0x0000000741e00000| PB 0x0000000741e00000| Untracked 
|  16|0x0000000742000000, 0x0000000742200000, 0x0000000742200000|100%| O|  |TAMS 0x0000000742000000| PB 0x0000000742000000| Untracked 
|  17|0x0000000742200000, 0x0000000742400000, 0x0000000742400000|100%| O|  |TAMS 0x0000000742200000| PB 0x0000000742200000| Untracked 
|  18|0x0000000742400000, 0x0000000742600000, 0x0000000742600000|100%|HS|  |TAMS 0x0000000742400000| PB 0x0000000742400000| Complete 
|  19|0x0000000742600000, 0x0000000742800000, 0x0000000742800000|100%|HC|  |TAMS 0x0000000742600000| PB 0x0000000742600000| Complete 
|  20|0x0000000742800000, 0x0000000742a00000, 0x0000000742a00000|100%|HC|  |TAMS 0x0000000742800000| PB 0x0000000742800000| Complete 
|  21|0x0000000742a00000, 0x0000000742c00000, 0x0000000742c00000|100%| O|  |TAMS 0x0000000742a00000| PB 0x0000000742a00000| Untracked 
|  22|0x0000000742c00000, 0x0000000742e00000, 0x0000000742e00000|100%|HS|  |TAMS 0x0000000742c00000| PB 0x0000000742c00000| Complete 
|  23|0x0000000742e00000, 0x0000000743000000, 0x0000000743000000|100%|HC|  |TAMS 0x0000000742e00000| PB 0x0000000742e00000| Complete 
|  24|0x0000000743000000, 0x0000000743200000, 0x0000000743200000|100%|HS|  |TAMS 0x0000000743000000| PB 0x0000000743000000| Complete 
|  25|0x0000000743200000, 0x0000000743400000, 0x0000000743400000|100%|HC|  |TAMS 0x0000000743200000| PB 0x0000000743200000| Complete 
|  26|0x0000000743400000, 0x0000000743600000, 0x0000000743600000|100%|HC|  |TAMS 0x0000000743400000| PB 0x0000000743400000| Complete 
|  27|0x0000000743600000, 0x0000000743800000, 0x0000000743800000|100%| O|  |TAMS 0x0000000743600000| PB 0x0000000743600000| Untracked 
|  28|0x0000000743800000, 0x0000000743a00000, 0x0000000743a00000|100%| O|  |TAMS 0x0000000743800000| PB 0x0000000743800000| Untracked 
|  29|0x0000000743a00000, 0x0000000743c00000, 0x0000000743c00000|100%| O|  |TAMS 0x0000000743a00000| PB 0x0000000743a00000| Untracked 
|  30|0x0000000743c00000, 0x0000000743e00000, 0x0000000743e00000|100%| O|  |TAMS 0x0000000743c00000| PB 0x0000000743c00000| Untracked 
|  31|0x0000000743e00000, 0x0000000744000000, 0x0000000744000000|100%| O|  |TAMS 0x0000000743e00000| PB 0x0000000743e00000| Untracked 
|  32|0x0000000744000000, 0x0000000744200000, 0x0000000744200000|100%| O|  |TAMS 0x0000000744000000| PB 0x0000000744000000| Untracked 
|  33|0x0000000744200000, 0x0000000744400000, 0x0000000744400000|100%| O|  |TAMS 0x0000000744200000| PB 0x0000000744200000| Untracked 
|  34|0x0000000744400000, 0x0000000744600000, 0x0000000744600000|100%|HS|  |TAMS 0x0000000744400000| PB 0x0000000744400000| Complete 
|  35|0x0000000744600000, 0x00000007446afb00, 0x0000000744800000| 34%| O|  |TAMS 0x0000000744600000| PB 0x0000000744600000| Untracked 
|  36|0x0000000744800000, 0x0000000744800000, 0x0000000744a00000|  0%| F|  |TAMS 0x0000000744800000| PB 0x0000000744800000| Untracked 
|  37|0x0000000744a00000, 0x0000000744bfd960, 0x0000000744c00000| 99%| S|CS|TAMS 0x0000000744a00000| PB 0x0000000744a00000| Complete 
|  38|0x0000000744c00000, 0x0000000744c00000, 0x0000000744e00000|  0%| F|  |TAMS 0x0000000744c00000| PB 0x0000000744c00000| Untracked 
|  39|0x0000000744e00000, 0x0000000744e00000, 0x0000000745000000|  0%| F|  |TAMS 0x0000000744e00000| PB 0x0000000744e00000| Untracked 
|  40|0x0000000745000000, 0x0000000745000000, 0x0000000745200000|  0%| F|  |TAMS 0x0000000745000000| PB 0x0000000745000000| Untracked 
|  41|0x0000000745200000, 0x0000000745400000, 0x0000000745400000|100%| S|CS|TAMS 0x0000000745200000| PB 0x0000000745200000| Complete 
|  42|0x0000000745400000, 0x0000000745600000, 0x0000000745600000|100%| S|CS|TAMS 0x0000000745400000| PB 0x0000000745400000| Complete 
|  43|0x0000000745600000, 0x0000000745800000, 0x0000000745800000|100%| S|CS|TAMS 0x0000000745600000| PB 0x0000000745600000| Complete 
|  44|0x0000000745800000, 0x0000000745a00000, 0x0000000745a00000|100%| S|CS|TAMS 0x0000000745800000| PB 0x0000000745800000| Complete 
|  45|0x0000000745a00000, 0x0000000745a00000, 0x0000000745c00000|  0%| F|  |TAMS 0x0000000745a00000| PB 0x0000000745a00000| Untracked 
|  46|0x0000000745c00000, 0x0000000745c00000, 0x0000000745e00000|  0%| F|  |TAMS 0x0000000745c00000| PB 0x0000000745c00000| Untracked 
|  47|0x0000000745e00000, 0x0000000745e00000, 0x0000000746000000|  0%| F|  |TAMS 0x0000000745e00000| PB 0x0000000745e00000| Untracked 
|  48|0x0000000746000000, 0x0000000746000000, 0x0000000746200000|  0%| F|  |TAMS 0x0000000746000000| PB 0x0000000746000000| Untracked 
|  49|0x0000000746200000, 0x0000000746200000, 0x0000000746400000|  0%| F|  |TAMS 0x0000000746200000| PB 0x0000000746200000| Untracked 
|  50|0x0000000746400000, 0x0000000746400000, 0x0000000746600000|  0%| F|  |TAMS 0x0000000746400000| PB 0x0000000746400000| Untracked 
|  51|0x0000000746600000, 0x0000000746600000, 0x0000000746800000|  0%| F|  |TAMS 0x0000000746600000| PB 0x0000000746600000| Untracked 
|  52|0x0000000746800000, 0x0000000746800000, 0x0000000746a00000|  0%| F|  |TAMS 0x0000000746800000| PB 0x0000000746800000| Untracked 
|  53|0x0000000746a00000, 0x0000000746a00000, 0x0000000746c00000|  0%| F|  |TAMS 0x0000000746a00000| PB 0x0000000746a00000| Untracked 
|  54|0x0000000746c00000, 0x0000000746c00000, 0x0000000746e00000|  0%| F|  |TAMS 0x0000000746c00000| PB 0x0000000746c00000| Untracked 
|  55|0x0000000746e00000, 0x0000000746e00000, 0x0000000747000000|  0%| F|  |TAMS 0x0000000746e00000| PB 0x0000000746e00000| Untracked 
|  56|0x0000000747000000, 0x0000000747000000, 0x0000000747200000|  0%| F|  |TAMS 0x0000000747000000| PB 0x0000000747000000| Untracked 
|  57|0x0000000747200000, 0x0000000747200000, 0x0000000747400000|  0%| F|  |TAMS 0x0000000747200000| PB 0x0000000747200000| Untracked 
|  58|0x0000000747400000, 0x0000000747400000, 0x0000000747600000|  0%| F|  |TAMS 0x0000000747400000| PB 0x0000000747400000| Untracked 
|  59|0x0000000747600000, 0x0000000747600000, 0x0000000747800000|  0%| F|  |TAMS 0x0000000747600000| PB 0x0000000747600000| Untracked 
|  60|0x0000000747800000, 0x0000000747800000, 0x0000000747a00000|  0%| F|  |TAMS 0x0000000747800000| PB 0x0000000747800000| Untracked 
|  61|0x0000000747a00000, 0x0000000747a00000, 0x0000000747c00000|  0%| F|  |TAMS 0x0000000747a00000| PB 0x0000000747a00000| Untracked 
|  62|0x0000000747c00000, 0x0000000747c00000, 0x0000000747e00000|  0%| F|  |TAMS 0x0000000747c00000| PB 0x0000000747c00000| Untracked 
|  63|0x0000000747e00000, 0x0000000747e00000, 0x0000000748000000|  0%| F|  |TAMS 0x0000000747e00000| PB 0x0000000747e00000| Untracked 
|  64|0x0000000748000000, 0x00000007480f2ca0, 0x0000000748200000| 47%| E|  |TAMS 0x0000000748000000| PB 0x0000000748000000| Complete 
|  65|0x0000000748200000, 0x0000000748400000, 0x0000000748400000|100%| E|CS|TAMS 0x0000000748200000| PB 0x0000000748200000| Complete 
|  66|0x0000000748400000, 0x0000000748600000, 0x0000000748600000|100%| E|CS|TAMS 0x0000000748400000| PB 0x0000000748400000| Complete 
|  67|0x0000000748600000, 0x0000000748800000, 0x0000000748800000|100%| E|CS|TAMS 0x0000000748600000| PB 0x0000000748600000| Complete 
| 114|0x000000074e400000, 0x000000074e600000, 0x000000074e600000|100%| E|CS|TAMS 0x000000074e400000| PB 0x000000074e400000| Complete 
| 115|0x000000074e600000, 0x000000074e800000, 0x000000074e800000|100%| E|CS|TAMS 0x000000074e600000| PB 0x000000074e600000| Complete 
| 116|0x000000074e800000, 0x000000074ea00000, 0x000000074ea00000|100%| E|CS|TAMS 0x000000074e800000| PB 0x000000074e800000| Complete 
| 117|0x000000074ea00000, 0x000000074ec00000, 0x000000074ec00000|100%| E|CS|TAMS 0x000000074ea00000| PB 0x000000074ea00000| Complete 
| 118|0x000000074ec00000, 0x000000074ee00000, 0x000000074ee00000|100%| E|CS|TAMS 0x000000074ec00000| PB 0x000000074ec00000| Complete 
| 119|0x000000074ee00000, 0x000000074f000000, 0x000000074f000000|100%| E|CS|TAMS 0x000000074ee00000| PB 0x000000074ee00000| Complete 
| 127|0x000000074fe00000, 0x0000000750000000, 0x0000000750000000|100%| E|CS|TAMS 0x000000074fe00000| PB 0x000000074fe00000| Complete 
|1527|0x00000007fee00000, 0x00000007ff000000, 0x00000007ff000000|100%| O|Cm|TAMS 0x00000007fee00000| PB 0x00000007fee00000| Complete 
|1528|0x00000007ff000000, 0x00000007ff200000, 0x00000007ff200000|100%| O|  |TAMS 0x00000007ff000000| PB 0x00000007ff000000| Untracked 
|1529|0x00000007ff200000, 0x00000007ff400000, 0x00000007ff400000|100%| O|  |TAMS 0x00000007ff200000| PB 0x00000007ff200000| Untracked 
|1530|0x00000007ff400000, 0x00000007ff600000, 0x00000007ff600000|100%| E|CS|TAMS 0x00000007ff400000| PB 0x00000007ff400000| Complete 
|1531|0x00000007ff600000, 0x00000007ff800000, 0x00000007ff800000|100%| O|  |TAMS 0x00000007ff600000| PB 0x00000007ff600000| Untracked 
|1532|0x00000007ff800000, 0x00000007ffa00000, 0x00000007ffa00000|100%| O|  |TAMS 0x00000007ff800000| PB 0x00000007ff800000| Untracked 
|1533|0x00000007ffa00000, 0x00000007ffc00000, 0x00000007ffc00000|100%| O|  |TAMS 0x00000007ffa00000| PB 0x00000007ffa00000| Untracked 
|1534|0x00000007ffc00000, 0x00000007ffe00000, 0x00000007ffe00000|100%| O|  |TAMS 0x00000007ffc00000| PB 0x00000007ffc00000| Untracked 
|1535|0x00000007ffe00000, 0x0000000800000000, 0x0000000800000000|100%| O|  |TAMS 0x00000007ffe00000| PB 0x00000007ffe00000| Untracked 

Card table byte_map: [0x000001c0d91a0000,0x000001c0d97a0000] _byte_map_base: 0x000001c0d57a0000

Marking Bits: (CMBitMap*) 0x000001c0c0505a50
 Bits: [0x000001c0d97a0000, 0x000001c0dc7a0000)

Polling page: 0x000001c0bea60000

Metaspace:

Usage:
  Non-class:     59.37 MB used.
      Class:      9.85 MB used.
       Both:     69.22 MB used.

Virtual space:
  Non-class space:       64.00 MB reserved,      60.38 MB ( 94%) committed,  1 nodes.
      Class space:        1.00 GB reserved,      10.81 MB (  1%) committed,  1 nodes.
             Both:        1.06 GB reserved,      71.19 MB (  7%) committed. 

Chunk freelists:
   Non-Class:  2.69 MB
       Class:  5.08 MB
        Both:  7.77 MB

MaxMetaspaceSize: unlimited
CompressedClassSpaceSize: 1.00 GB
Initial GC threshold: 21.00 MB
Current GC threshold: 98.69 MB
CDS: on
 - commit_granule_bytes: 65536.
 - commit_granule_words: 8192.
 - virtual_space_node_default_size: 8388608.
 - enlarge_chunks_in_place: 1.
 - use_allocation_guard: 0.


Internal statistics:

num_allocs_failed_limit: 6.
num_arena_births: 3492.
num_arena_deaths: 0.
num_vsnodes_births: 2.
num_vsnodes_deaths: 0.
num_space_committed: 1139.
num_space_uncommitted: 0.
num_chunks_returned_to_freelist: 6.
num_chunks_taken_from_freelist: 6621.
num_chunk_merges: 3.
num_chunk_splits: 4239.
num_chunks_enlarged: 2575.
num_inconsistent_stats: 0.

CodeHeap 'non-profiled nmethods': size=120000Kb used=4197Kb max_used=4197Kb free=115802Kb
 bounds [0x000001c0d0ae0000, 0x000001c0d0f00000, 0x000001c0d8010000]
CodeHeap 'profiled nmethods': size=120000Kb used=15030Kb max_used=15030Kb free=104969Kb
 bounds [0x000001c0c9010000, 0x000001c0c9ec0000, 0x000001c0d0540000]
CodeHeap 'non-nmethods': size=5760Kb used=2828Kb max_used=2882Kb free=2931Kb
 bounds [0x000001c0d0540000, 0x000001c0d0820000, 0x000001c0d0ae0000]
CodeCache: size=245760Kb, used=22055Kb, max_used=22109Kb, free=223702Kb
 total_blobs=8886, nmethods=7952, adapters=838, full_count=0
Compilation: enabled, stopped_count=0, restarted_count=0

Compilation events (20 events):
Event: 14.215 Thread 0x000001c0df49b890 9084       3       org.gradle.api.internal.artifacts.configurations.DefaultUnlockedConfiguration_Decorated::getName (40 bytes)
Event: 14.216 Thread 0x000001c0df49b890 nmethod 9084 0x000001c0c9ea0710 code [0x000001c0c9ea08e0, 0x000001c0c9ea0c60]
Event: 14.216 Thread 0x000001c0df49b890 9085       3       java.util.TreeMap$KeyIterator::next (8 bytes)
Event: 14.216 Thread 0x000001c0df49b890 nmethod 9085 0x000001c0c9ea0d90 code [0x000001c0c9ea0f40, 0x000001c0c9ea1080]
Event: 14.217 Thread 0x000001c0df49b890 9087       3       com.google.common.reflect.TypeResolver$TypeTable::resolveInternal (105 bytes)
Event: 14.217 Thread 0x000001c0df49b890 nmethod 9087 0x000001c0c9ea1190 code [0x000001c0c9ea1480, 0x000001c0c9ea2428]
Event: 14.217 Thread 0x000001c0df49b890 9088       3       com.google.common.reflect.TypeResolver::<init> (6 bytes)
Event: 14.217 Thread 0x000001c0df49b890 nmethod 9088 0x000001c0c9ea2910 code [0x000001c0c9ea2ac0, 0x000001c0c9ea2ce8]
Event: 14.218 Thread 0x000001c0df49b890 9089       1       org.gradle.api.internal.DefaultNamedDomainObjectCollection$AbstractNamedDomainObjectProvider::getName (5 bytes)
Event: 14.218 Thread 0x000001c0df49b890 nmethod 9089 0x000001c0d0ef8610 code [0x000001c0d0ef87a0, 0x000001c0d0ef8870]
Event: 14.218 Thread 0x000001c0df49b890 9090       3       org.gradle.internal.classloader.TransformErrorHandler::exitClassLoadingScopeWithException (31 bytes)
Event: 14.219 Thread 0x000001c0df49b890 nmethod 9090 0x000001c0c9ea2e10 code [0x000001c0c9ea30a0, 0x000001c0c9ea3cb0]
Event: 14.225 Thread 0x000001c0df49b890 9091       3       java.util.stream.AbstractPipeline::spliterator (116 bytes)
Event: 14.225 Thread 0x000001c0df49b890 nmethod 9091 0x000001c0c9ea4110 code [0x000001c0c9ea4380, 0x000001c0c9ea4e80]
Event: 14.255 Thread 0x000001c0df49b890 9092       1       com.sun.org.apache.xerces.internal.utils.XMLSecurityManager$Limit::systemProperty (5 bytes)
Event: 14.255 Thread 0x000001c0df49b890 nmethod 9092 0x000001c0d0ef8910 code [0x000001c0d0ef8aa0, 0x000001c0d0ef8b70]
Event: 14.298 Thread 0x000001c0df49b890 9093       1       jdk.xml.internal.XMLSecurityManager$Limit::systemProperty (5 bytes)
Event: 14.298 Thread 0x000001c0df49b890 nmethod 9093 0x000001c0d0ef8c10 code [0x000001c0d0ef8da0, 0x000001c0d0ef8e70]
Event: 14.328 Thread 0x000001c0df49b890 9095       3       java.util.regex.Pattern::has (15 bytes)
Event: 14.329 Thread 0x000001c0df49b890 nmethod 9095 0x000001c0c9ea5190 code [0x000001c0c9ea5320, 0x000001c0c9ea5488]

GC Heap History (20 events):
Event: 7.481 GC heap before
{Heap before GC invocations=13 (full 0):
 garbage-first heap   total 106496K, used 103631K [0x0000000740000000, 0x0000000800000000)
  region size 2048K, 19 young (38912K), 3 survivors (6144K)
 Metaspace       used 46557K, committed 48064K, reserved 1114112K
  class space    used 6650K, committed 7360K, reserved 1048576K
}
Event: 7.487 GC heap after
{Heap after GC invocations=14 (full 0):
 garbage-first heap   total 116736K, used 77313K [0x0000000740000000, 0x0000000800000000)
  region size 2048K, 3 young (6144K), 3 survivors (6144K)
 Metaspace       used 46557K, committed 48064K, reserved 1114112K
  class space    used 6650K, committed 7360K, reserved 1048576K
}
Event: 8.088 GC heap before
{Heap before GC invocations=14 (full 0):
 garbage-first heap   total 116736K, used 101889K [0x0000000740000000, 0x0000000800000000)
  region size 2048K, 15 young (30720K), 3 survivors (6144K)
 Metaspace       used 48651K, committed 50240K, reserved 1114112K
  class space    used 6993K, committed 7744K, reserved 1048576K
}
Event: 8.093 GC heap after
{Heap after GC invocations=15 (full 0):
 garbage-first heap   total 141312K, used 79169K [0x0000000740000000, 0x0000000800000000)
  region size 2048K, 1 young (2048K), 1 survivors (2048K)
 Metaspace       used 48651K, committed 50240K, reserved 1114112K
  class space    used 6993K, committed 7744K, reserved 1048576K
}
Event: 8.770 GC heap before
{Heap before GC invocations=15 (full 0):
 garbage-first heap   total 141312K, used 120129K [0x0000000740000000, 0x0000000800000000)
  region size 2048K, 21 young (43008K), 1 survivors (2048K)
 Metaspace       used 52449K, committed 54208K, reserved 1114112K
  class space    used 7674K, committed 8512K, reserved 1048576K
}
Event: 8.775 GC heap after
{Heap after GC invocations=16 (full 0):
 garbage-first heap   total 141312K, used 82345K [0x0000000740000000, 0x0000000800000000)
  region size 2048K, 3 young (6144K), 3 survivors (6144K)
 Metaspace       used 52449K, committed 54208K, reserved 1114112K
  class space    used 7674K, committed 8512K, reserved 1048576K
}
Event: 9.125 GC heap before
{Heap before GC invocations=17 (full 0):
 garbage-first heap   total 141312K, used 123305K [0x0000000740000000, 0x0000000800000000)
  region size 2048K, 23 young (47104K), 3 survivors (6144K)
 Metaspace       used 54965K, committed 56640K, reserved 1114112K
  class space    used 8086K, committed 8896K, reserved 1048576K
}
Event: 9.130 GC heap after
{Heap after GC invocations=18 (full 0):
 garbage-first heap   total 141312K, used 84361K [0x0000000740000000, 0x0000000800000000)
  region size 2048K, 3 young (6144K), 3 survivors (6144K)
 Metaspace       used 54965K, committed 56640K, reserved 1114112K
  class space    used 8086K, committed 8896K, reserved 1048576K
}
Event: 9.306 GC heap before
{Heap before GC invocations=18 (full 0):
 garbage-first heap   total 141312K, used 125321K [0x0000000740000000, 0x0000000800000000)
  region size 2048K, 23 young (47104K), 3 survivors (6144K)
 Metaspace       used 54988K, committed 56704K, reserved 1114112K
  class space    used 8087K, committed 8896K, reserved 1048576K
}
Event: 9.310 GC heap after
{Heap after GC invocations=19 (full 0):
 garbage-first heap   total 141312K, used 84589K [0x0000000740000000, 0x0000000800000000)
  region size 2048K, 2 young (4096K), 2 survivors (4096K)
 Metaspace       used 54988K, committed 56704K, reserved 1114112K
  class space    used 8087K, committed 8896K, reserved 1048576K
}
Event: 9.438 GC heap before
{Heap before GC invocations=19 (full 0):
 garbage-first heap   total 141312K, used 127597K [0x0000000740000000, 0x0000000800000000)
  region size 2048K, 23 young (47104K), 2 survivors (4096K)
 Metaspace       used 55012K, committed 56704K, reserved 1114112K
  class space    used 8087K, committed 8896K, reserved 1048576K
}
Event: 9.440 GC heap after
{Heap after GC invocations=20 (full 0):
 garbage-first heap   total 141312K, used 84849K [0x0000000740000000, 0x0000000800000000)
  region size 2048K, 2 young (4096K), 2 survivors (4096K)
 Metaspace       used 55012K, committed 56704K, reserved 1114112K
  class space    used 8087K, committed 8896K, reserved 1048576K
}
Event: 9.584 GC heap before
{Heap before GC invocations=21 (full 0):
 garbage-first heap   total 143360K, used 127857K [0x0000000740000000, 0x0000000800000000)
  region size 2048K, 23 young (47104K), 2 survivors (4096K)
 Metaspace       used 55080K, committed 56768K, reserved 1114112K
  class space    used 8087K, committed 8896K, reserved 1048576K
}
Event: 9.587 GC heap after
{Heap after GC invocations=22 (full 0):
 garbage-first heap   total 143360K, used 85586K [0x0000000740000000, 0x0000000800000000)
  region size 2048K, 2 young (4096K), 2 survivors (4096K)
 Metaspace       used 55080K, committed 56768K, reserved 1114112K
  class space    used 8087K, committed 8896K, reserved 1048576K
}
Event: 9.932 GC heap before
{Heap before GC invocations=22 (full 0):
 garbage-first heap   total 143360K, used 130642K [0x0000000740000000, 0x0000000800000000)
  region size 2048K, 24 young (49152K), 2 survivors (4096K)
 Metaspace       used 57354K, committed 59136K, reserved 1114112K
  class space    used 8345K, committed 9216K, reserved 1048576K
}
Event: 9.936 GC heap after
{Heap after GC invocations=23 (full 0):
 garbage-first heap   total 143360K, used 86316K [0x0000000740000000, 0x0000000800000000)
  region size 2048K, 2 young (4096K), 2 survivors (4096K)
 Metaspace       used 57354K, committed 59136K, reserved 1114112K
  class space    used 8345K, committed 9216K, reserved 1048576K
}
Event: 10.793 GC heap before
{Heap before GC invocations=23 (full 0):
 garbage-first heap   total 143360K, used 129324K [0x0000000740000000, 0x0000000800000000)
  region size 2048K, 23 young (47104K), 2 survivors (4096K)
 Metaspace       used 58732K, committed 60544K, reserved 1114112K
  class space    used 8478K, committed 9344K, reserved 1048576K
}
Event: 10.798 GC heap after
{Heap after GC invocations=24 (full 0):
 garbage-first heap   total 172032K, used 90497K [0x0000000740000000, 0x0000000800000000)
  region size 2048K, 3 young (6144K), 3 survivors (6144K)
 Metaspace       used 58732K, committed 60544K, reserved 1114112K
  class space    used 8478K, committed 9344K, reserved 1048576K
}
Event: 14.064 GC heap before
{Heap before GC invocations=25 (full 0):
 garbage-first heap   total 172032K, used 153985K [0x0000000740000000, 0x0000000800000000)
  region size 2048K, 34 young (69632K), 3 survivors (6144K)
 Metaspace       used 68252K, committed 70208K, reserved 1114112K
  class space    used 9702K, committed 10624K, reserved 1048576K
}
Event: 14.070 GC heap after
{Heap after GC invocations=26 (full 0):
 garbage-first heap   total 172032K, used 98997K [0x0000000740000000, 0x0000000800000000)
  region size 2048K, 5 young (10240K), 5 survivors (10240K)
 Metaspace       used 68252K, committed 70208K, reserved 1114112K
  class space    used 9702K, committed 10624K, reserved 1048576K
}

Dll operation events (15 events):
Event: 0.065 Loaded shared library D:\Java21\bin\java.dll
Event: 0.199 Loaded shared library D:\Java21\bin\jsvml.dll
Event: 0.228 Loaded shared library D:\Java21\bin\zip.dll
Event: 0.234 Loaded shared library D:\Java21\bin\instrument.dll
Event: 0.241 Loaded shared library D:\Java21\bin\net.dll
Event: 0.248 Loaded shared library D:\Java21\bin\nio.dll
Event: 0.251 Loaded shared library D:\Java21\bin\zip.dll
Event: 0.434 Loaded shared library D:\Java21\bin\jimage.dll
Event: 0.512 Loaded shared library D:\Java21\bin\verify.dll
Event: 0.693 Loaded shared library D:\.gradle\native\c067742578af261105cb4f569cf0c3c89f3d7b1fecec35dd04571415982c5e48\windows-amd64\native-platform.dll
Event: 0.713 Loaded shared library D:\.gradle\native\100fb08df4bc3b14c8652ba06237920a3bd2aa13389f12d3474272988ae205f9\windows-amd64\native-platform-file-events.dll
Event: 1.499 Loaded shared library D:\Java21\bin\management.dll
Event: 1.506 Loaded shared library D:\Java21\bin\management_ext.dll
Event: 1.725 Loaded shared library D:\Java21\bin\extnet.dll
Event: 1.857 Loaded shared library D:\Java21\bin\sunmscapi.dll

Deoptimization events (20 events):
Event: 14.147 Thread 0x000001c1266177f0 Uncommon trap: trap_request=0xffffffde fr.pc=0x000001c0d0b07cb4 relative=0x00000000000002d4
Event: 14.147 Thread 0x000001c1266177f0 Uncommon trap: reason=class_check action=maybe_recompile pc=0x000001c0d0b07cb4 method=java.util.regex.Matcher.search(I)Z @ 121 c2
Event: 14.147 Thread 0x000001c1266177f0 DEOPT PACKING pc=0x000001c0d0b07cb4 sp=0x00000066e4cf6db0
Event: 14.147 Thread 0x000001c1266177f0 DEOPT UNPACKING pc=0x000001c0d05946a2 sp=0x00000066e4cf6cd8 mode 2
Event: 14.147 Thread 0x000001c1266177f0 Uncommon trap: trap_request=0xffffffde fr.pc=0x000001c0d0b07cb4 relative=0x00000000000002d4
Event: 14.147 Thread 0x000001c1266177f0 Uncommon trap: reason=class_check action=maybe_recompile pc=0x000001c0d0b07cb4 method=java.util.regex.Matcher.search(I)Z @ 121 c2
Event: 14.147 Thread 0x000001c1266177f0 DEOPT PACKING pc=0x000001c0d0b07cb4 sp=0x00000066e4cf6db0
Event: 14.147 Thread 0x000001c1266177f0 DEOPT UNPACKING pc=0x000001c0d05946a2 sp=0x00000066e4cf6cd8 mode 2
Event: 14.148 Thread 0x000001c1266177f0 Uncommon trap: trap_request=0xffffffde fr.pc=0x000001c0d0b07cb4 relative=0x00000000000002d4
Event: 14.148 Thread 0x000001c1266177f0 Uncommon trap: reason=class_check action=maybe_recompile pc=0x000001c0d0b07cb4 method=java.util.regex.Matcher.search(I)Z @ 121 c2
Event: 14.148 Thread 0x000001c1266177f0 DEOPT PACKING pc=0x000001c0d0b07cb4 sp=0x00000066e4cf6d50
Event: 14.148 Thread 0x000001c1266177f0 DEOPT UNPACKING pc=0x000001c0d05946a2 sp=0x00000066e4cf6c78 mode 2
Event: 14.148 Thread 0x000001c1266177f0 Uncommon trap: trap_request=0xffffffde fr.pc=0x000001c0d0b07cb4 relative=0x00000000000002d4
Event: 14.148 Thread 0x000001c1266177f0 Uncommon trap: reason=class_check action=maybe_recompile pc=0x000001c0d0b07cb4 method=java.util.regex.Matcher.search(I)Z @ 121 c2
Event: 14.148 Thread 0x000001c1266177f0 DEOPT PACKING pc=0x000001c0d0b07cb4 sp=0x00000066e4cf6d50
Event: 14.148 Thread 0x000001c1266177f0 DEOPT UNPACKING pc=0x000001c0d05946a2 sp=0x00000066e4cf6c78 mode 2
Event: 14.328 Thread 0x000001c1266177f0 Uncommon trap: trap_request=0xffffff45 fr.pc=0x000001c0d0e82cf0 relative=0x0000000000002670
Event: 14.328 Thread 0x000001c1266177f0 Uncommon trap: reason=unstable_if action=reinterpret pc=0x000001c0d0e82cf0 method=java.util.regex.Pattern.compile()V @ 443 c2
Event: 14.328 Thread 0x000001c1266177f0 DEOPT PACKING pc=0x000001c0d0e82cf0 sp=0x00000066e4cf70b0
Event: 14.329 Thread 0x000001c1266177f0 DEOPT UNPACKING pc=0x000001c0d05946a2 sp=0x00000066e4cf7098 mode 2

Classes loaded (20 events):
Event: 14.298 Loading class com/sun/org/apache/xalan/internal/utils/XMLSecurityPropertyManager$Property
Event: 14.298 Loading class com/sun/org/apache/xalan/internal/utils/XMLSecurityPropertyManager$Property done
Event: 14.298 Loading class jdk/xml/internal/JdkProperty
Event: 14.298 Loading class jdk/xml/internal/JdkProperty done
Event: 14.299 Loading class javax/xml/catalog/CatalogFeatures$State
Event: 14.299 Loading class javax/xml/catalog/CatalogFeatures$State done
Event: 14.299 Loading class javax/xml/catalog/Util
Event: 14.299 Loading class javax/xml/catalog/Util done
Event: 14.299 Loading class javax/xml/catalog/CatalogMessages
Event: 14.300 Loading class javax/xml/catalog/CatalogMessages done
Event: 14.300 Loading class com/sun/org/apache/xalan/internal/xsltc/trax/TransformerImpl
Event: 14.301 Loading class com/sun/org/apache/xalan/internal/xsltc/DOMCache
Event: 14.302 Loading class com/sun/org/apache/xalan/internal/xsltc/DOMCache done
Event: 14.302 Loading class javax/xml/transform/Transformer
Event: 14.302 Loading class javax/xml/transform/Transformer done
Event: 14.302 Loading class com/sun/org/apache/xalan/internal/xsltc/trax/TransformerImpl done
Event: 14.302 Loading class com/sun/org/apache/xml/internal/serializer/OutputPropertiesFactory
Event: 14.303 Loading class com/sun/org/apache/xml/internal/serializer/OutputPropertiesFactory done
Event: 14.303 Loading class com/sun/org/apache/xml/internal/utils/XMLReaderManager
Event: 14.304 Loading class com/sun/org/apache/xml/internal/utils/XMLReaderManager done

Classes unloaded (0 events):
No events

Classes redefined (0 events):
No events

Internal exceptions (20 events):
Event: 11.209 Thread 0x000001c1266177f0 Exception <a 'sun/nio/fs/WindowsException'{0x000000074819a900}> (0x000000074819a900) 
thrown [s\src\hotspot\share\prims\jni.cpp, line 520]
Event: 12.654 Thread 0x000001c1266177f0 Implicit null exception at 0x000001c0d0e89460 to 0x000001c0d0e896a4
Event: 13.809 Thread 0x000001c1266177f0 Exception <a 'java/lang/ClassNotFoundException'{0x0000000746819bd0}: net/minecraftforge/gradle/userdev/UserDevExtension_DecoratedBeanInfo> (0x0000000746819bd0) 
thrown [s\src\hotspot\share\classfile\systemDictionary.cpp, line 312]
Event: 13.810 Thread 0x000001c1266177f0 Exception <a 'java/lang/ClassNotFoundException'{0x0000000746826d48}: net/minecraftforge/gradle/userdev/UserDevExtensionBeanInfo> (0x0000000746826d48) 
thrown [s\src\hotspot\share\classfile\systemDictionary.cpp, line 312]
Event: 13.810 Thread 0x000001c1266177f0 Exception <a 'java/lang/ClassNotFoundException'{0x0000000746833f30}: net/minecraftforge/gradle/common/util/MinecraftExtensionBeanInfo> (0x0000000746833f30) 
thrown [s\src\hotspot\share\classfile\systemDictionary.cpp, line 312]
Event: 13.811 Thread 0x000001c1266177f0 Exception <a 'java/lang/ClassNotFoundException'{0x0000000746841138}: net/minecraftforge/gradle/common/util/MinecraftExtensionCustomizer> (0x0000000746841138) 
thrown [s\src\hotspot\share\classfile\systemDictionary.cpp, line 312]
Event: 13.813 Thread 0x000001c1266177f0 Exception <a 'java/lang/ClassNotFoundException'{0x0000000746869650}: net/minecraftforge/gradle/userdev/UserDevExtensionCustomizer> (0x0000000746869650) 
thrown [s\src\hotspot\share\classfile\systemDictionary.cpp, line 312]
Event: 13.814 Thread 0x000001c1266177f0 Exception <a 'java/lang/ClassNotFoundException'{0x0000000746881a38}: net/minecraftforge/gradle/userdev/UserDevExtension_DecoratedCustomizer> (0x0000000746881a38) 
thrown [s\src\hotspot\share\classfile\systemDictionary.cpp, line 312]
Event: 13.894 Thread 0x000001c1266177f0 Exception <a 'java/lang/ClassNotFoundException'{0x0000000746442ed0}: net/minecraftforge/gradle/common/legacy/LegacyExtension_DecoratedBeanInfo> (0x0000000746442ed0) 
thrown [s\src\hotspot\share\classfile\systemDictionary.cpp, line 312]
Event: 13.894 Thread 0x000001c1266177f0 Exception <a 'java/lang/ClassNotFoundException'{0x00000007464500c8}: net/minecraftforge/gradle/common/legacy/LegacyExtensionBeanInfo> (0x00000007464500c8) 
thrown [s\src\hotspot\share\classfile\systemDictionary.cpp, line 312]
Event: 13.895 Thread 0x000001c1266177f0 Exception <a 'java/lang/ClassNotFoundException'{0x000000074645d2c8}: net/minecraftforge/gradle/common/legacy/LegacyExtensionCustomizer> (0x000000074645d2c8) 
thrown [s\src\hotspot\share\classfile\systemDictionary.cpp, line 312]
Event: 13.895 Thread 0x000001c1266177f0 Exception <a 'java/lang/ClassNotFoundException'{0x00000007464712e0}: net/minecraftforge/gradle/common/legacy/LegacyExtension_DecoratedCustomizer> (0x00000007464712e0) 
thrown [s\src\hotspot\share\classfile\systemDictionary.cpp, line 312]
Event: 13.989 Thread 0x000001c1266177f0 Exception <a 'java/lang/NoSuchMethodError'{0x0000000745e49250}: 'java.lang.Object java.lang.invoke.DirectMethodHandle$Holder.newInvokeSpecial(java.lang.Object, java.lang.Object, java.lang.Object, java.lang.Object, java.lang.Object, java.lang.Object, java.lang.Object, java.lang.Object, java.lang.Object, java.lang.Object, java.lang.Object, java.lang.Object, java.lang.Object, java.lang.Object, java.lang.Object, java.lang.Object)'> (0x0000000745e49250) 
thrown [s\src\hotspot\share\interpreter\linkResolver.cpp,
Event: 13.989 Thread 0x000001c1266177f0 Exception <a 'java/lang/NoSuchMethodError'{0x0000000745e4fe80}: 'java.lang.Object java.lang.invoke.DirectMethodHandle$Holder.invokeSpecial(java.lang.Object, java.lang.Object, java.lang.Object, java.lang.Object, java.lang.Object, java.lang.Object, java.lang.Object, java.lang.Object, java.lang.Object, java.lang.Object, java.lang.Object, java.lang.Object, java.lang.Object, java.lang.Object, java.lang.Object, java.lang.Object, java.lang.Object)'> (0x0000000745e4fe80) 
thrown [s\src\hotspot\share\interpreter\li
Event: 13.989 Thread 0x000001c1266177f0 Exception <a 'java/lang/NoSuchMethodError'{0x0000000745e55a28}: 'java.lang.Object java.lang.invoke.DelegatingMethodHandle$Holder.reinvoke_L(java.lang.Object, java.lang.Object, java.lang.Object, java.lang.Object, java.lang.Object, java.lang.Object, java.lang.Object, java.lang.Object, java.lang.Object, java.lang.Object, java.lang.Object, java.lang.Object, java.lang.Object, java.lang.Object, java.lang.Object, java.lang.Object)'> (0x0000000745e55a28) 
thrown [s\src\hotspot\share\interpreter\linkResolver.cpp, l
Event: 14.176 Thread 0x000001c1266177f0 Exception <a 'java/lang/NoSuchMethodError'{0x000000074eaea968}: 'java.lang.Object java.lang.invoke.DirectMethodHandle$Holder.newInvokeSpecial(java.lang.Object, java.lang.Object, java.lang.Object, java.lang.Object, java.lang.Object, java.lang.Object, java.lang.Object, java.lang.Object, java.lang.Object, java.lang.Object, java.lang.Object, java.lang.Object, java.lang.Object, java.lang.Object, java.lang.Object, java.lang.Object, java.lang.Object, java.lang.Object, java.lang.Object, java.lang.Object, java.lang
Event: 14.314 Thread 0x000001c1266177f0 Exception <a 'java/lang/ClassNotFoundException'{0x000000074e4f54b0}: net/minecraftforge/gradle/userdev/DependencyManagementExtension_DecoratedBeanInfo> (0x000000074e4f54b0) 
thrown [s\src\hotspot\share\classfile\systemDictionary.cpp, line 312]
Event: 14.315 Thread 0x000001c1266177f0 Exception <a 'java/lang/ClassNotFoundException'{0x000000074e5029f8}: net/minecraftforge/gradle/userdev/DependencyManagementExtensionBeanInfo> (0x000000074e5029f8) 
thrown [s\src\hotspot\share\classfile\systemDictionary.cpp, line 312]
Event: 14.315 Thread 0x000001c1266177f0 Exception <a 'java/lang/ClassNotFoundException'{0x000000074e50fce0}: net/minecraftforge/gradle/userdev/DependencyManagementExtensionCustomizer> (0x000000074e50fce0) 
thrown [s\src\hotspot\share\classfile\systemDictionary.cpp, line 312]
Event: 14.317 Thread 0x000001c1266177f0 Exception <a 'java/lang/ClassNotFoundException'{0x000000074e52c1e8}: net/minecraftforge/gradle/userdev/DependencyManagementExtension_DecoratedCustomizer> (0x000000074e52c1e8) 
thrown [s\src\hotspot\share\classfile\systemDictionary.cpp, line 312]

ZGC Phase Switch (0 events):
No events

VM Operations (20 events):
Event: 11.994 Executing VM operation: HandshakeAllThreads (Deoptimize)
Event: 11.995 Executing VM operation: HandshakeAllThreads (Deoptimize) done
Event: 11.995 Executing VM operation: Cleanup
Event: 11.995 Executing VM operation: Cleanup done
Event: 12.072 Executing VM operation: HandshakeAllThreads (Deoptimize)
Event: 12.072 Executing VM operation: HandshakeAllThreads (Deoptimize) done
Event: 12.228 Executing VM operation: HandshakeAllThreads (Deoptimize)
Event: 12.228 Executing VM operation: HandshakeAllThreads (Deoptimize) done
Event: 12.693 Executing VM operation: HandshakeAllThreads (Deoptimize)
Event: 12.694 Executing VM operation: HandshakeAllThreads (Deoptimize) done
Event: 12.695 Executing VM operation: HandshakeAllThreads (Deoptimize)
Event: 12.696 Executing VM operation: HandshakeAllThreads (Deoptimize) done
Event: 13.110 Executing VM operation: HandshakeAllThreads (Deoptimize)
Event: 13.111 Executing VM operation: HandshakeAllThreads (Deoptimize) done
Event: 13.111 Executing VM operation: Cleanup
Event: 13.111 Executing VM operation: Cleanup done
Event: 14.063 Executing VM operation: G1CollectForAllocation (G1 Evacuation Pause)
Event: 14.070 Executing VM operation: G1CollectForAllocation (G1 Evacuation Pause) done
Event: 14.260 Executing VM operation: HandshakeAllThreads (Deoptimize)
Event: 14.260 Executing VM operation: HandshakeAllThreads (Deoptimize) done

Memory protections (0 events):
No events

Nmethod flushes (20 events):
Event: 10.840 Thread 0x000001c0df45cec0 flushing  nmethod 0x000001c0c9aa8090
Event: 10.840 Thread 0x000001c0df45cec0 flushing  nmethod 0x000001c0d0dc9f90
Event: 10.840 Thread 0x000001c0df45cec0 flushing  nmethod 0x000001c0c93c1f90
Event: 10.840 Thread 0x000001c0df45cec0 flushing  nmethod 0x000001c0c9850e10
Event: 10.840 Thread 0x000001c0df45cec0 flushing  nmethod 0x000001c0c9a3e010
Event: 10.840 Thread 0x000001c0df45cec0 flushing  nmethod 0x000001c0c9a3f290
Event: 10.840 Thread 0x000001c0df45cec0 flushing  nmethod 0x000001c0c9a40090
Event: 10.840 Thread 0x000001c0df45cec0 flushing  nmethod 0x000001c0c9a41910
Event: 10.840 Thread 0x000001c0df45cec0 flushing  nmethod 0x000001c0c9ac6290
Event: 10.840 Thread 0x000001c0df45cec0 flushing  nmethod 0x000001c0c9ac7a10
Event: 10.840 Thread 0x000001c0df45cec0 flushing osr nmethod 0x000001c0c9ac8090
Event: 10.840 Thread 0x000001c0df45cec0 flushing  nmethod 0x000001c0c9acdf10
Event: 10.840 Thread 0x000001c0df45cec0 flushing  nmethod 0x000001c0c9ad3010
Event: 10.840 Thread 0x000001c0df45cec0 flushing  nmethod 0x000001c0c9191610
Event: 10.840 Thread 0x000001c0df45cec0 flushing  nmethod 0x000001c0c9192090
Event: 10.840 Thread 0x000001c0df45cec0 flushing  nmethod 0x000001c0c91fcf90
Event: 10.840 Thread 0x000001c0df45cec0 flushing  nmethod 0x000001c0c9467810
Event: 10.840 Thread 0x000001c0df45cec0 flushing  nmethod 0x000001c0c9467e90
Event: 10.840 Thread 0x000001c0df45cec0 flushing  nmethod 0x000001c0c9629a90
Event: 10.840 Thread 0x000001c0df45cec0 flushing  nmethod 0x000001c0c9630210

Events (20 events):
Event: 10.297 Thread 0x000001c1266177f0 Thread added: 0x000001c128e095d0
Event: 10.298 Thread 0x000001c1266177f0 Thread added: 0x000001c128e06150
Event: 10.299 Thread 0x000001c1266177f0 Thread added: 0x000001c128e09c60
Event: 10.416 Thread 0x000001c1266177f0 Thread added: 0x000001c128e04080
Event: 10.416 Thread 0x000001c1266177f0 Thread added: 0x000001c128e0a2f0
Event: 10.417 Thread 0x000001c1266177f0 Thread added: 0x000001c128e05430
Event: 10.417 Thread 0x000001c1266177f0 Thread added: 0x000001c128e08220
Event: 10.417 Thread 0x000001c1266177f0 Thread added: 0x000001c128e04da0
Event: 10.418 Thread 0x000001c1266177f0 Thread added: 0x000001c128e088b0
Event: 10.418 Thread 0x000001c1266177f0 Thread added: 0x000001c128e08f40
Event: 10.418 Thread 0x000001c1266177f0 Thread added: 0x000001c128e0a980
Event: 10.419 Thread 0x000001c1266177f0 Thread added: 0x000001c128e0b010
Event: 10.419 Thread 0x000001c1266177f0 Thread added: 0x000001c128e0b6a0
Event: 10.419 Thread 0x000001c1266177f0 Thread added: 0x000001c126c7bba0
Event: 12.764 Thread 0x000001c1266177f0 Thread added: 0x000001c126c7d5e0
Event: 12.764 Thread 0x000001c126c7d5e0 Thread exited: 0x000001c126c7d5e0
Event: 13.108 Thread 0x000001c1266177f0 Thread added: 0x000001c126c7a7f0
Event: 13.379 Thread 0x000001c1266177f0 Thread added: 0x000001c126c7c230
Event: 13.379 Thread 0x000001c126c7c230 Thread exited: 0x000001c126c7c230
Event: 14.035 Thread 0x000001c1266177f0 Thread added: 0x000001c126c79ad0


Dynamic libraries:
0x00007ff6c8a30000 - 0x00007ff6c8a3e000 	D:\Java21\bin\java.exe
0x00007ffe330f0000 - 0x00007ffe332e8000 	C:\Windows\SYSTEM32\ntdll.dll
0x00007ffe32c80000 - 0x00007ffe32d42000 	C:\Windows\System32\KERNEL32.DLL
0x00007ffe308a0000 - 0x00007ffe30b96000 	C:\Windows\System32\KERNELBASE.dll
0x00007ffe30d60000 - 0x00007ffe30e60000 	C:\Windows\System32\ucrtbase.dll
0x00007ffdc7a40000 - 0x00007ffdc7a58000 	D:\Java21\bin\jli.dll
0x00007ffdc7cb0000 - 0x00007ffdc7cce000 	D:\Java21\bin\VCRUNTIME140.dll
0x00007ffe316c0000 - 0x00007ffe31861000 	C:\Windows\System32\USER32.dll
0x00007ffe30bd0000 - 0x00007ffe30bf2000 	C:\Windows\System32\win32u.dll
0x00007ffe31870000 - 0x00007ffe3189b000 	C:\Windows\System32\GDI32.dll
0x00007ffe30780000 - 0x00007ffe30899000 	C:\Windows\System32\gdi32full.dll
0x00007ffe30f70000 - 0x00007ffe3100d000 	C:\Windows\System32\msvcp_win.dll
0x00007ffe24990000 - 0x00007ffe24c2b000 	C:\Windows\WinSxS\amd64_microsoft.windows.common-controls_6595b64144ccf1df_6.0.19041.6456_none_60b8a6cb71f64256\COMCTL32.dll
0x00007ffe311d0000 - 0x00007ffe3126e000 	C:\Windows\System32\msvcrt.dll
0x00007ffe31d80000 - 0x00007ffe31daf000 	C:\Windows\System32\IMM32.DLL
0x0000000055c60000 - 0x0000000055c6c000 	C:\Program Files (x86)\360\360Safe\safemon\SafeWrapper.dll
0x00007ffe31110000 - 0x00007ffe311c1000 	C:\Windows\System32\ADVAPI32.dll
0x00007ffe31270000 - 0x00007ffe3130f000 	C:\Windows\System32\sechost.dll
0x00007ffe32f10000 - 0x00007ffe33030000 	C:\Windows\System32\RPCRT4.dll
0x00007ffe30ba0000 - 0x00007ffe30bc7000 	C:\Windows\System32\bcrypt.dll
0x00007ffe1b250000 - 0x00007ffe1b2fc000 	C:\Program Files (x86)\360\360Safe\safemon\libzdtp64.dll
0x00007ffe32380000 - 0x00007ffe32af0000 	C:\Windows\System32\SHELL32.dll
0x00007ffe31db0000 - 0x00007ffe31e0b000 	C:\Windows\System32\SHLWAPI.dll
0x00007ffe30200000 - 0x00007ffe3020a000 	C:\Windows\SYSTEM32\VERSION.dll
0x00007ffe07d40000 - 0x00007ffe07d4c000 	D:\Java21\bin\vcruntime140_1.dll
0x00007ffdc79b0000 - 0x00007ffdc7a39000 	D:\Java21\bin\msvcp140.dll
0x00007ffd9aeb0000 - 0x00007ffd9bc5c000 	D:\Java21\bin\server\jvm.dll
0x00007ffe322a0000 - 0x00007ffe3230b000 	C:\Windows\System32\WS2_32.dll
0x00007ffe305e0000 - 0x00007ffe3062b000 	C:\Windows\SYSTEM32\POWRPROF.dll
0x00007ffe27c80000 - 0x00007ffe27ca7000 	C:\Windows\SYSTEM32\WINMM.dll
0x00007ffe305c0000 - 0x00007ffe305d2000 	C:\Windows\SYSTEM32\UMPDC.dll
0x00007ffe2e5a0000 - 0x00007ffe2e5b2000 	C:\Windows\SYSTEM32\kernel.appcore.dll
0x00007ffe07a40000 - 0x00007ffe07a4a000 	D:\Java21\bin\jimage.dll
0x00007ffe2a040000 - 0x00007ffe2a241000 	C:\Windows\SYSTEM32\DBGHELP.DLL
0x00007ffe195e0000 - 0x00007ffe19614000 	C:\Windows\SYSTEM32\dbgcore.DLL
0x00007ffe30ee0000 - 0x00007ffe30f62000 	C:\Windows\System32\bcryptPrimitives.dll
0x00007ffdf3f30000 - 0x00007ffdf3f40000 	D:\Java21\bin\instrument.dll
0x00007ffdc1110000 - 0x00007ffdc1131000 	D:\Java21\bin\java.dll
0x00007ffe2e7a0000 - 0x00007ffe2ef45000 	C:\Windows\SYSTEM32\windows.storage.dll
0x00007ffe31970000 - 0x00007ffe31cc4000 	C:\Windows\System32\combase.dll
0x00007ffe30060000 - 0x00007ffe3008b000 	C:\Windows\SYSTEM32\Wldp.dll
0x00007ffe318a0000 - 0x00007ffe3196d000 	C:\Windows\System32\OLEAUT32.dll
0x00007ffe31cd0000 - 0x00007ffe31d7d000 	C:\Windows\System32\SHCORE.dll
0x00007ffe306b0000 - 0x00007ffe306d4000 	C:\Windows\SYSTEM32\profapi.dll
0x00007ffd9f3a0000 - 0x00007ffd9f476000 	D:\Java21\bin\jsvml.dll
0x00007ffdc10f0000 - 0x00007ffdc1108000 	D:\Java21\bin\zip.dll
0x00007ffdc10d0000 - 0x00007ffdc10e1000 	D:\Java21\bin\net.dll
0x00007ffe2ad90000 - 0x00007ffe2ae9a000 	C:\Windows\SYSTEM32\WINHTTP.dll
0x00007ffe2fdc0000 - 0x00007ffe2fe2a000 	C:\Windows\system32\mswsock.dll
0x00007ffdc10b0000 - 0x00007ffdc10c6000 	D:\Java21\bin\nio.dll
0x00007ffdf2200000 - 0x00007ffdf2210000 	D:\Java21\bin\verify.dll
0x00007ffde4f60000 - 0x00007ffde4f87000 	D:\.gradle\native\c067742578af261105cb4f569cf0c3c89f3d7b1fecec35dd04571415982c5e48\windows-amd64\native-platform.dll
0x00007ffd9ad60000 - 0x00007ffd9aea4000 	D:\.gradle\native\100fb08df4bc3b14c8652ba06237920a3bd2aa13389f12d3474272988ae205f9\windows-amd64\native-platform-file-events.dll
0x00007ffded110000 - 0x00007ffded11a000 	D:\Java21\bin\management.dll
0x00007ffdecf70000 - 0x00007ffdecf7c000 	D:\Java21\bin\management_ext.dll
0x00007ffe32370000 - 0x00007ffe32378000 	C:\Windows\System32\PSAPI.DLL
0x00007ffe2ffc0000 - 0x00007ffe2ffd8000 	C:\Windows\SYSTEM32\CRYPTSP.dll
0x00007ffe2f6e0000 - 0x00007ffe2f718000 	C:\Windows\system32\rsaenh.dll
0x00007ffe30630000 - 0x00007ffe3065e000 	C:\Windows\SYSTEM32\USERENV.dll
0x00007ffe2ffb0000 - 0x00007ffe2ffbc000 	C:\Windows\SYSTEM32\CRYPTBASE.dll
0x00007ffe2faa0000 - 0x00007ffe2fadb000 	C:\Windows\SYSTEM32\IPHLPAPI.DLL
0x00007ffe32d50000 - 0x00007ffe32d58000 	C:\Windows\System32\NSI.dll
0x00007ffdeccb0000 - 0x00007ffdeccb9000 	D:\Java21\bin\extnet.dll
0x00007ffdec820000 - 0x00007ffdec82e000 	D:\Java21\bin\sunmscapi.dll
0x00007ffe30c00000 - 0x00007ffe30d5d000 	C:\Windows\System32\CRYPT32.dll
0x00007ffe300d0000 - 0x00007ffe300f7000 	C:\Windows\SYSTEM32\ncrypt.dll
0x00007ffe30090000 - 0x00007ffe300cb000 	C:\Windows\SYSTEM32\NTASN1.dll
0x00007ffe18e10000 - 0x00007ffe18e17000 	C:\Windows\system32\wshunix.dll
0x00007ffe2fae0000 - 0x00007ffe2fbaa000 	C:\Windows\SYSTEM32\DNSAPI.dll
0x00007ffe2ac90000 - 0x00007ffe2ac9a000 	C:\Windows\System32\rasadhlp.dll
0x00007ffe29e00000 - 0x00007ffe29e80000 	C:\Windows\System32\fwpuclnt.dll

JVMTI agents:
D:\.gradle\wrapper\dists\gradle-8.8-bin\dl7vupf4psengwqhwktix4v1\gradle-8.8\lib\agents\gradle-instrumentation-agent-8.8.jar path:D:\Java21\bin\instrument.dll, loaded, initialized, instrumentlib options:none

dbghelp: loaded successfully - version: 4.0.5 - missing functions: none
symbol engine: initialized successfully - sym options: 0x614 - pdb path: .;D:\Java21\bin;C:\Windows\SYSTEM32;C:\Windows\WinSxS\amd64_microsoft.windows.common-controls_6595b64144ccf1df_6.0.19041.6456_none_60b8a6cb71f64256;C:\Program Files (x86)\360\360Safe\safemon;D:\Java21\bin\server;D:\.gradle\native\c067742578af261105cb4f569cf0c3c89f3d7b1fecec35dd04571415982c5e48\windows-amd64;D:\.gradle\native\100fb08df4bc3b14c8652ba06237920a3bd2aa13389f12d3474272988ae205f9\windows-amd64

VM Arguments:
jvm_args: --add-opens=java.base/java.util=ALL-UNNAMED --add-opens=java.base/java.lang=ALL-UNNAMED --add-opens=java.base/java.lang.invoke=ALL-UNNAMED --add-opens=java.prefs/java.util.prefs=ALL-UNNAMED --add-opens=java.base/java.nio.charset=ALL-UNNAMED --add-opens=java.base/java.net=ALL-UNNAMED --add-opens=java.base/java.util.concurrent.atomic=ALL-UNNAMED -Xmx3G -Dfile.encoding=GBK -Duser.country=CN -Duser.language=zh -Duser.variant -javaagent:D:\.gradle\wrapper\dists\gradle-8.8-bin\dl7vupf4psengwqhwktix4v1\gradle-8.8\lib\agents\gradle-instrumentation-agent-8.8.jar 
java_command: org.gradle.launcher.daemon.bootstrap.GradleDaemon 8.8
java_class_path (initial): D:\.gradle\wrapper\dists\gradle-8.8-bin\dl7vupf4psengwqhwktix4v1\gradle-8.8\lib\gradle-launcher-8.8.jar
Launcher Type: SUN_STANDARD

[Global flags]
     intx CICompilerCount                          = 4                                         {product} {ergonomic}
     uint ConcGCThreads                            = 3                                         {product} {ergonomic}
     uint G1ConcRefinementThreads                  = 10                                        {product} {ergonomic}
   size_t G1HeapRegionSize                         = 2097152                                   {product} {ergonomic}
    uintx GCDrainStackTargetSize                   = 64                                        {product} {ergonomic}
   size_t InitialHeapSize                          = 268435456                                 {product} {ergonomic}
   size_t MarkStackSize                            = 4194304                                   {product} {ergonomic}
   size_t MaxHeapSize                              = 3221225472                                {product} {command line}
   size_t MaxNewSize                               = 1931476992                                {product} {ergonomic}
   size_t MinHeapDeltaBytes                        = 2097152                                   {product} {ergonomic}
   size_t MinHeapSize                              = 8388608                                   {product} {ergonomic}
    uintx NonNMethodCodeHeapSize                   = 5839372                                {pd product} {ergonomic}
    uintx NonProfiledCodeHeapSize                  = 122909434                              {pd product} {ergonomic}
    uintx ProfiledCodeHeapSize                     = 122909434                              {pd product} {ergonomic}
    uintx ReservedCodeCacheSize                    = 251658240                              {pd product} {ergonomic}
     bool SegmentedCodeCache                       = true                                      {product} {ergonomic}
   size_t SoftMaxHeapSize                          = 3221225472                             {manageable} {ergonomic}
     bool UseCompressedOops                        = true                           {product lp64_product} {ergonomic}
     bool UseG1GC                                  = true                                      {product} {ergonomic}
     bool UseLargePagesIndividualAllocation        = false                                  {pd product} {ergonomic}

Logging:
Log output configuration:
 #0: stdout all=warning uptime,level,tags foldmultilines=false
 #1: stderr all=off uptime,level,tags foldmultilines=false

Environment Variables:
PATH=C:\Program Files\Common Files\Oracle\Java\javapath;C:\Program Files (x86)\Common Files\Intel\Shared Libraries\redist\intel64\compiler;C:\Windows\system32;C:\Windows;C:\Windows\System32\Wbem;C:\Windows\System32\WindowsPowerShell\v1.0\;C:\Windows\System32\OpenSSH\;C:\Program Files\新建文件夹\Bandizip\;C:\P;ogram Files\dotnet\;C:\Program Files\Common Files\Autodesk Shared\;C:\Program Files\Microsoft SQL Server\120\Tools\Binn\;C:\Program Files\NVIDIA Corporation\NVIDIA app\NvDLISR;C:\Program Files (x86)\NVIDIA Corporation\PhysX\Common;C:\Program Files\Git\cmd;C:\Users\Admin\AppData\Local\Programs\Python\Python312\Scripts\;C:\Users\Admin\AppData\Local\Programs\Python\Python312\;C:\Users\Admin\AppData\Local\Microsoft\WindowsApps;;G:\专业软件\新建文件夹\PyCharm 2022.3.2\bin;;G:\JAVA\bianyi\IntelliJ IDEA Community Edition 2024.1\bin;
USERNAME=Admin
OS=Windows_NT
PROCESSOR_IDENTIFIER=Intel64 Family 6 Model 165 Stepping 3, GenuineIntel
TMP=C:\Users\Admin\AppData\Local\Temp
TEMP=C:\Users\Admin\AppData\Local\Temp




Periodic native trim disabled

---------------  S Y S T E M  ---------------

OS:
 Windows 10 , 64 bit Build 19041 (10.0.19041.5915)
OS uptime: 0 days 13:35 hours

CPU: total 12 (initial active 12) (6 cores per cpu, 2 threads per core) family 6 model 165 stepping 3 microcode 0xcc, cx8, cmov, fxsr, ht, mmx, 3dnowpref, sse, sse2, sse3, ssse3, sse4.1, sse4.2, popcnt, lzcnt, tsc, tscinvbit, avx, avx2, aes, erms, clmul, bmi1, bmi2, adx, fma, vzeroupper, clflush, clflushopt, rdtscp, f16c
Processor Information for the first 12 processors :
  Max Mhz: 2904, Current Mhz: 2904, Mhz Limit: 2904

Memory: 4k page, system-wide physical 16293M (287M free)
TotalPageFile size 30803M (AvailPageFile size 5M)
current process WorkingSet (physical memory assigned to process): 379M, peak: 379M
current process commit charge ("private bytes"): 426M, peak: 452M

vm_info: OpenJDK 64-Bit Server VM (21.0.8+9-LTS) for windows-amd64 JRE (21.0.8+9-LTS), built on 2025-07-10T20:22:44Z by "MicrosoftCorporation" with unknown MS VC++:1944

END.
